Performing C SOURCE FILE Test CMAKE_HAVE_LIBC_PTHREAD failed with the following output:
Change Dir: /home/rakshith/Downloads/latestcppminiproject/CMakeFiles/CMakeTmp

Run Build Command(s):/usr/bin/make cmTC_6d9df/fast && /usr/bin/make -f CMakeFiles/cmTC_6d9df.dir/build.make CMakeFiles/cmTC_6d9df.dir/build
make[1]: Entering directory '/home/rakshith/Downloads/latestcppminiproject/CMakeFiles/CMakeTmp'
Building C object CMakeFiles/cmTC_6d9df.dir/src.c.o
/usr/bin/cc   -DCMAKE_HAVE_LIBC_PTHREAD   -o CMakeFiles/cmTC_6d9df.dir/src.c.o   -c /home/rakshith/Downloads/latestcppminiproject/CMakeFiles/CMakeTmp/src.c
Linking C executable cmTC_6d9df
/usr/bin/cmake -E cmake_link_script CMakeFiles/cmTC_6d9df.dir/link.txt --verbose=1
/usr/bin/cc  -DCMAKE_HAVE_LIBC_PTHREAD    -rdynamic CMakeFiles/cmTC_6d9df.dir/src.c.o  -o cmTC_6d9df 
/usr/bin/ld: CMakeFiles/cmTC_6d9df.dir/src.c.o: in function `main':
src.c:(.text+0x46): undefined reference to `pthread_create'
/usr/bin/ld: src.c:(.text+0x52): undefined reference to `pthread_detach'
/usr/bin/ld: src.c:(.text+0x63): undefined reference to `pthread_join'
collect2: error: ld returned 1 exit status
make[1]: *** [CMakeFiles/cmTC_6d9df.dir/build.make:87: cmTC_6d9df] Error 1
make[1]: Leaving directory '/home/rakshith/Downloads/latestcppminiproject/CMakeFiles/CMakeTmp'
make: *** [Makefile:121: cmTC_6d9df/fast] Error 2


Source file was:
#include <pthread.h>

void* test_func(void* data)
{
  return data;
}

int main(void)
{
  pthread_t thread;
  pthread_create(&thread, NULL, test_func, NULL);
  pthread_detach(thread);
  pthread_join(thread, NULL);
  pthread_atfork(NULL, NULL, NULL);
  pthread_exit(NULL);

  return 0;
}

Determining if the function pthread_create exists in the pthreads failed with the following output:
Change Dir: /home/rakshith/Downloads/latestcppminiproject/CMakeFiles/CMakeTmp

Run Build Command(s):/usr/bin/make cmTC_2e024/fast && /usr/bin/make -f CMakeFiles/cmTC_2e024.dir/build.make CMakeFiles/cmTC_2e024.dir/build
make[1]: Entering directory '/home/rakshith/Downloads/latestcppminiproject/CMakeFiles/CMakeTmp'
Building C object CMakeFiles/cmTC_2e024.dir/CheckFunctionExists.c.o
/usr/bin/cc   -DCHECK_FUNCTION_EXISTS=pthread_create   -o CMakeFiles/cmTC_2e024.dir/CheckFunctionExists.c.o   -c /usr/share/cmake-3.16/Modules/CheckFunctionExists.c
Linking C executable cmTC_2e024
/usr/bin/cmake -E cmake_link_script CMakeFiles/cmTC_2e024.dir/link.txt --verbose=1
/usr/bin/cc  -DCHECK_FUNCTION_EXISTS=pthread_create    -rdynamic CMakeFiles/cmTC_2e024.dir/CheckFunctionExists.c.o  -o cmTC_2e024  -lpthreads 
/usr/bin/ld: cannot find -lpthreads
collect2: error: ld returned 1 exit status
make[1]: *** [CMakeFiles/cmTC_2e024.dir/build.make:87: cmTC_2e024] Error 1
make[1]: Leaving directory '/home/rakshith/Downloads/latestcppminiproject/CMakeFiles/CMakeTmp'
make: *** [Makefile:121: cmTC_2e024/fast] Error 2



Performing C SOURCE FILE Test CMAKE_HAVE_LIBC_PTHREAD failed with the following output:
Change Dir: /home/user/Downloads/Cpp-Mini-Project/CMakeFiles/CMakeTmp

Run Build Command(s):/usr/bin/make cmTC_41ab7/fast && /usr/bin/make -f CMakeFiles/cmTC_41ab7.dir/build.make CMakeFiles/cmTC_41ab7.dir/build
make[1]: Entering directory '/home/user/Downloads/Cpp-Mini-Project/CMakeFiles/CMakeTmp'
Building C object CMakeFiles/cmTC_41ab7.dir/src.c.o
/usr/bin/cc   -DCMAKE_HAVE_LIBC_PTHREAD   -o CMakeFiles/cmTC_41ab7.dir/src.c.o   -c /home/user/Downloads/Cpp-Mini-Project/CMakeFiles/CMakeTmp/src.c
Linking C executable cmTC_41ab7
/usr/bin/cmake -E cmake_link_script CMakeFiles/cmTC_41ab7.dir/link.txt --verbose=1
/usr/bin/cc  -DCMAKE_HAVE_LIBC_PTHREAD    -rdynamic CMakeFiles/cmTC_41ab7.dir/src.c.o  -o cmTC_41ab7 
/usr/bin/ld: CMakeFiles/cmTC_41ab7.dir/src.c.o: in function `main':
src.c:(.text+0x46): undefined reference to `pthread_create'
/usr/bin/ld: src.c:(.text+0x52): undefined reference to `pthread_detach'
/usr/bin/ld: src.c:(.text+0x63): undefined reference to `pthread_join'
collect2: error: ld returned 1 exit status
make[1]: *** [CMakeFiles/cmTC_41ab7.dir/build.make:87: cmTC_41ab7] Error 1
make[1]: Leaving directory '/home/user/Downloads/Cpp-Mini-Project/CMakeFiles/CMakeTmp'
make: *** [Makefile:121: cmTC_41ab7/fast] Error 2


Source file was:
#include <pthread.h>

void* test_func(void* data)
{
  return data;
}

int main(void)
{
  pthread_t thread;
  pthread_create(&thread, NULL, test_func, NULL);
  pthread_detach(thread);
  pthread_join(thread, NULL);
  pthread_atfork(NULL, NULL, NULL);
  pthread_exit(NULL);

  return 0;
}

Determining if the function pthread_create exists in the pthreads failed with the following output:
Change Dir: /home/user/Downloads/Cpp-Mini-Project/CMakeFiles/CMakeTmp

Run Build Command(s):/usr/bin/make cmTC_c2544/fast && /usr/bin/make -f CMakeFiles/cmTC_c2544.dir/build.make CMakeFiles/cmTC_c2544.dir/build
make[1]: Entering directory '/home/user/Downloads/Cpp-Mini-Project/CMakeFiles/CMakeTmp'
Building C object CMakeFiles/cmTC_c2544.dir/CheckFunctionExists.c.o
/usr/bin/cc   -DCHECK_FUNCTION_EXISTS=pthread_create   -o CMakeFiles/cmTC_c2544.dir/CheckFunctionExists.c.o   -c /usr/share/cmake-3.16/Modules/CheckFunctionExists.c
Linking C executable cmTC_c2544
/usr/bin/cmake -E cmake_link_script CMakeFiles/cmTC_c2544.dir/link.txt --verbose=1
/usr/bin/cc  -DCHECK_FUNCTION_EXISTS=pthread_create    -rdynamic CMakeFiles/cmTC_c2544.dir/CheckFunctionExists.c.o  -o cmTC_c2544  -lpthreads 
/usr/bin/ld: cannot find -lpthreads
collect2: error: ld returned 1 exit status
make[1]: *** [CMakeFiles/cmTC_c2544.dir/build.make:87: cmTC_c2544] Error 1
make[1]: Leaving directory '/home/user/Downloads/Cpp-Mini-Project/CMakeFiles/CMakeTmp'
make: *** [Makefile:121: cmTC_c2544/fast] Error 2



